e:\library\dokumente\visual studio 2013\projects\whiler2\opo\debug\vc120.pdb
e:\library\dokumente\visual studio 2013\projects\whiler2\opo\debug\myform.obj
e:\library\dokumente\visual studio 2013\projects\whiler2\opo\debug\.netframework,version=v4.5.assemblyattributes.obj
e:\library\dokumente\visual studio 2013\projects\whiler2\debug\opo.exe
e:\library\dokumente\visual studio 2013\projects\whiler2\debug\opo.pdb
e:\library\dokumente\visual studio 2013\projects\whiler2\opo\debug\opo.myform.resources
e:\library\dokumente\visual studio 2013\projects\whiler2\opo\debug\opo.res
e:\library\dokumente\visual studio 2013\projects\whiler2\opo\debug\opo.vcxproj.generateresource.cache
e:\library\dokumente\visual studio 2013\projects\whiler2\opo\debug\opo.tlog\cl.command.1.tlog
e:\library\dokumente\visual studio 2013\projects\whiler2\opo\debug\opo.tlog\cl.read.1.tlog
e:\library\dokumente\visual studio 2013\projects\whiler2\opo\debug\opo.tlog\cl.write.1.tlog
e:\library\dokumente\visual studio 2013\projects\whiler2\opo\debug\opo.tlog\link.command.1.tlog
e:\library\dokumente\visual studio 2013\projects\whiler2\opo\debug\opo.tlog\link.read.1.tlog
e:\library\dokumente\visual studio 2013\projects\whiler2\opo\debug\opo.tlog\link.write.1.tlog
e:\library\dokumente\visual studio 2013\projects\whiler2\opo\debug\opo.tlog\metagen.read.1.tlog
e:\library\dokumente\visual studio 2013\projects\whiler2\opo\debug\opo.tlog\metagen.write.1.tlog
e:\library\dokumente\visual studio 2013\projects\whiler2\opo\debug\opo.tlog\opo.write.1u.tlog
e:\library\dokumente\visual studio 2013\projects\whiler2\opo\debug\opo.tlog\rc.command.1.tlog
e:\library\dokumente\visual studio 2013\projects\whiler2\opo\debug\opo.tlog\rc.read.1.tlog
e:\library\dokumente\visual studio 2013\projects\whiler2\opo\debug\opo.tlog\rc.write.1.tlog
e:\library\dokumente\visual studio 2013\projects\whiler2\opo\debug\opo.tlog\tzres.dll.bi
